<?xml version="1.0" encoding="UTF-8"?>
<!-- Generated by org.testng.reporters.JUnitReportReporter -->
<testsuite skipped="0" hostname="LAPTOP-2N7NE40C" name="com.nopcommerce.testCases.TC_SearchCustomerByName_005" tests="1" failures="0" timestamp="12 May 2020 00:31:54 GMT" time="12.730" errors="0">
  <testcase name="searchCustomerbyName" time="12.730" classname="com.nopcommerce.testCases.TC_SearchCustomerByName_005"/>
</testsuite> <!-- com.nopcommerce.testCases.TC_SearchCustomerByName_005 -->
